<?xml version="1.0" encoding="UTF-8"?>
<testsuite xmlns:xsi="http://www.w3.org/2001/XMLSchema-instance" xsi:noNamespaceSchemaLocation="https://maven.apache.org/surefire/maven-surefire-plugin/xsd/surefire-test-report-3.0.xsd" version="3.0" name="TestSuite" time="184.099" tests="2" errors="0" skipped="0" failures="1">
  <properties>
[...]
</properties>
  <testcase name="feature" classname="runnerTest.runnerTest" time="68.453">
    <failure message="org.openqa.selenium.NoSuchElementException: no such element: Unable to locate element: {&quot;method&quot;:&quot;xpath&quot;,&quot;selector&quot;:&quot;//*[@id=&quot;sec_quotes&quot;]/div[2]/div/h1&quot;}&#10;  (Session info: chrome=81.0.4044.113)&#10;For documentation on this error, please visit: http://seleniumhq.org/exceptions/no_such_element.html&#10;Build info: version: &apos;3.4.0&apos;, revision: &apos;unknown&apos;, time: &apos;unknown&apos;&#10;System info: host: &apos;DESKTOP-D65NDT8&apos;, ip: &apos;192.168.0.106&apos;, os.name: &apos;Windows 10&apos;, os.arch: &apos;amd64&apos;, os.version: &apos;10.0&apos;, java.version: &apos;1.8.0_161&apos;&#10;Driver info: org.openqa.selenium.chrome.ChromeDriver&#10;Capabilities [{networkConnectionEnabled=false, chrome={chromedriverVersion=81.0.4044.69 (6813546031a4bc83f717a2ef7cd4ac6ec1199132-refs/branch-heads/4044@{#776}), userDataDir=C:\Users\jayan\AppData\Local\Temp\scoped_dir15348_52198799}, timeouts={implicit=0.0, pageLoad=300000.0, script=30000.0}, pageLoadStrategy=normal, unhandledPromptBehavior=dismiss and notify, strictFileInteractability=false, platform=ANY, proxy=Proxy(), goog:chromeOptions={debuggerAddress=localhost:50257}, acceptInsecureCerts=false, browserVersion=81.0.4044.113, browserName=chrome, javascriptEnabled=true, platformName=windows, setWindowRect=true, webauthn:virtualAuthenticators=true}]&#10;Session ID: a041954a7e6402e8ad889d5706503e20&#10;*** Element info: {Using=xpath, value=//*[@id=&quot;sec_quotes&quot;]/div[2]/div/h1}" type="cucumber.runtime.CucumberException"><![CDATA[cucumber.runtime.CucumberException: 
org.openqa.selenium.NoSuchElementException: no such element: Unable to locate element: {"method":"xpath","selector":"//*[@id="sec_quotes"]/div[2]/div/h1"}
  (Session info: chrome=81.0.4044.113)
For documentation on this error, please visit: http://seleniumhq.org/exceptions/no_such_element.html
Build info: version: '3.4.0', revision: 'unknown', time: 'unknown'
System info: host: 'DESKTOP-D65NDT8', ip: '192.168.0.106', os.name: 'Windows 10', os.arch: 'amd64', os.version: '10.0', java.version: '1.8.0_161'
Driver info: org.openqa.selenium.chrome.ChromeDriver
Capabilities [{networkConnectionEnabled=false, chrome={chromedriverVersion=81.0.4044.69 (6813546031a4bc83f717a2ef7cd4ac6ec1199132-refs/branch-heads/4044@{#776}), userDataDir=C:\Users\jayan\AppData\Local\Temp\scoped_dir15348_52198799}, timeouts={implicit=0.0, pageLoad=300000.0, script=30000.0}, pageLoadStrategy=normal, unhandledPromptBehavior=dismiss and notify, strictFileInteractability=false, platform=ANY, proxy=Proxy(), goog:chromeOptions={debuggerAddress=localhost:50257}, acceptInsecureCerts=false, browserVersion=81.0.4044.113, browserName=chrome, javascriptEnabled=true, platformName=windows, setWindowRect=true, webauthn:virtualAuthenticators=true}]
Session ID: a041954a7e6402e8ad889d5706503e20
*** Element info: {Using=xpath, value=//*[@id="sec_quotes"]/div[2]/div/h1}
Caused by: org.openqa.selenium.NoSuchElementException: 
no such element: Unable to locate element: {"method":"xpath","selector":"//*[@id="sec_quotes"]/div[2]/div/h1"}
  (Session info: chrome=81.0.4044.113)
For documentation on this error, please visit: http://seleniumhq.org/exceptions/no_such_element.html
Build info: version: '3.4.0', revision: 'unknown', time: 'unknown'
System info: host: 'DESKTOP-D65NDT8', ip: '192.168.0.106', os.name: 'Windows 10', os.arch: 'amd64', os.version: '10.0', java.version: '1.8.0_161'
Driver info: org.openqa.selenium.chrome.ChromeDriver
Capabilities [{networkConnectionEnabled=false, chrome={chromedriverVersion=81.0.4044.69 (6813546031a4bc83f717a2ef7cd4ac6ec1199132-refs/branch-heads/4044@{#776}), userDataDir=C:\Users\jayan\AppData\Local\Temp\scoped_dir15348_52198799}, timeouts={implicit=0.0, pageLoad=300000.0, script=30000.0}, pageLoadStrategy=normal, unhandledPromptBehavior=dismiss and notify, strictFileInteractability=false, platform=ANY, proxy=Proxy(), goog:chromeOptions={debuggerAddress=localhost:50257}, acceptInsecureCerts=false, browserVersion=81.0.4044.113, browserName=chrome, javascriptEnabled=true, platformName=windows, setWindowRect=true, webauthn:virtualAuthenticators=true}]
Session ID: a041954a7e6402e8ad889d5706503e20
*** Element info: {Using=xpath, value=//*[@id="sec_quotes"]/div[2]/div/h1}
]]></failure>
    <system-err><![CDATA[Starting ChromeDriver 81.0.4044.69 (6813546031a4bc83f717a2ef7cd4ac6ec1199132-refs/branch-heads/4044@{#776}) on port 43745
Only local connections are allowed.
Please protect ports used by ChromeDriver and related test frameworks to prevent access by malicious code.
Apr 19, 2020 12:16:37 AM org.openqa.selenium.remote.ProtocolHandshake createSession
INFO: Detected dialect: W3C
[1587235603.139][SEVERE]: Timed out receiving message from renderer: 0.100
[1587235604.062][SEVERE]: Timed out receiving message from renderer: 0.100
[1587235604.282][SEVERE]: Timed out receiving message from renderer: 0.100
[1587235604.507][SEVERE]: Timed out receiving message from renderer: 0.100
[1587235604.840][SEVERE]: Timed out receiving message from renderer: 0.100
[1587235605.239][SEVERE]: Timed out receiving message from renderer: 0.100
[1587235605.766][SEVERE]: Timed out receiving message from renderer: 0.100
[1587235605.983][SEVERE]: Timed out receiving message from renderer: 0.100
[1587235606.135][SEVERE]: Timed out receiving message from renderer: 0.100
[1587235606.426][SEVERE]: Timed out receiving message from renderer: 0.100
[1587235606.533][SEVERE]: Timed out receiving message from renderer: 0.100
[1587235606.639][SEVERE]: Timed out receiving message from renderer: 0.100
[1587235606.746][SEVERE]: Timed out receiving message from renderer: 0.100
[1587235606.848][SEVERE]: Timed out receiving message from renderer: 0.100
[1587235607.005][SEVERE]: Timed out receiving message from renderer: 0.100
[1587235607.108][SEVERE]: Timed out receiving message from renderer: 0.100
[1587235607.229][SEVERE]: Timed out receiving message from renderer: 0.100
[1587235623.814][SEVERE]: Timed out receiving message from renderer: 0.100
[1587235623.989][SEVERE]: Timed out receiving message from renderer: 0.100
[1587235624.144][SEVERE]: Timed out receiving message from renderer: 0.100
[1587235624.334][SEVERE]: Timed out receiving message from renderer: 0.100
[1587235624.486][SEVERE]: Timed out receiving message from renderer: 0.100
[1587235624.657][SEVERE]: Timed out receiving message from renderer: 0.100
[1587235624.865][SEVERE]: Timed out receiving message from renderer: 0.100
[1587235624.996][SEVERE]: Timed out receiving message from renderer: 0.100
[1587235625.133][SEVERE]: Timed out receiving message from renderer: 0.100
[1587235625.329][SEVERE]: Timed out receiving message from renderer: 0.100
[1587235625.494][SEVERE]: Timed out receiving message from renderer: 0.100
[1587235625.651][SEVERE]: Timed out receiving message from renderer: 0.100
[1587235625.769][SEVERE]: Timed out receiving message from renderer: 0.100
[1587235625.998][SEVERE]: Timed out receiving message from renderer: 0.100
[1587235626.190][SEVERE]: Timed out receiving message from renderer: 0.100
[1587235626.315][SEVERE]: Timed out receiving message from renderer: 0.100
[1587235626.455][SEVERE]: Timed out receiving message from renderer: 0.100
[1587235626.571][SEVERE]: Timed out receiving message from renderer: 0.100
[1587235626.713][SEVERE]: Timed out receiving message from renderer: 0.100
[1587235626.864][SEVERE]: Timed out receiving message from renderer: 0.100
[1587235627.007][SEVERE]: Timed out receiving message from renderer: 0.100
[1587235627.116][SEVERE]: Timed out receiving message from renderer: 0.100
[1587235627.265][SEVERE]: Timed out receiving message from renderer: 0.100
[1587235627.416][SEVERE]: Timed out receiving message from renderer: 0.100
[1587235627.526][SEVERE]: Timed out receiving message from renderer: 0.100
[1587235627.677][SEVERE]: Timed out receiving message from renderer: 0.100
[1587235627.782][SEVERE]: Timed out receiving message from renderer: 0.100
[1587235627.897][SEVERE]: Timed out receiving message from renderer: 0.100
[1587235628.014][SEVERE]: Timed out receiving message from renderer: 0.100
[1587235628.190][SEVERE]: Timed out receiving message from renderer: 0.100
[1587235628.337][SEVERE]: Timed out receiving message from renderer: 0.100
[1587235628.450][SEVERE]: Timed out receiving message from renderer: 0.100
[1587235628.590][SEVERE]: Timed out receiving message from renderer: 0.100
[1587235628.728][SEVERE]: Timed out receiving message from renderer: 0.100
[1587235628.843][SEVERE]: Timed out receiving message from renderer: 0.100
[1587235628.948][SEVERE]: Timed out receiving message from renderer: 0.100
[1587235629.098][SEVERE]: Timed out receiving message from renderer: 0.100
[1587235629.273][SEVERE]: Timed out receiving message from renderer: 0.100
[1587235629.407][SEVERE]: Timed out receiving message from renderer: 0.100
[1587235629.551][SEVERE]: Timed out receiving message from renderer: 0.100
[1587235629.695][SEVERE]: Timed out receiving message from renderer: 0.100
[1587235629.860][SEVERE]: Timed out receiving message from renderer: 0.100
[1587235629.965][SEVERE]: Timed out receiving message from renderer: 0.100
[1587235630.086][SEVERE]: Timed out receiving message from renderer: 0.100
[1587235630.234][SEVERE]: Timed out receiving message from renderer: 0.100
[1587235630.391][SEVERE]: Timed out receiving message from renderer: 0.100
[1587235630.568][SEVERE]: Timed out receiving message from renderer: 0.100
[1587235630.704][SEVERE]: Timed out receiving message from renderer: 0.100
[1587235630.813][SEVERE]: Timed out receiving message from renderer: 0.100
[1587235630.949][SEVERE]: Timed out receiving message from renderer: 0.100
[1587235631.107][SEVERE]: Timed out receiving message from renderer: 0.100
[1587235631.371][SEVERE]: Timed out receiving message from renderer: 0.100
[1587235631.531][SEVERE]: Timed out receiving message from renderer: 0.100
[1587235631.696][SEVERE]: Timed out receiving message from renderer: 0.100
[1587235631.844][SEVERE]: Timed out receiving message from renderer: 0.100
[1587235631.977][SEVERE]: Timed out receiving message from renderer: 0.100
[1587235632.133][SEVERE]: Timed out receiving message from renderer: 0.100
[1587235632.307][SEVERE]: Timed out receiving message from renderer: 0.100
[1587235632.415][SEVERE]: Timed out receiving message from renderer: 0.100
[1587235632.574][SEVERE]: Timed out receiving message from renderer: 0.100
[1587235632.805][SEVERE]: Timed out receiving message from renderer: 0.100
[1587235632.910][SEVERE]: Timed out receiving message from renderer: 0.100
[1587235633.052][SEVERE]: Timed out receiving message from renderer: 0.100
[1587235633.156][SEVERE]: Timed out receiving message from renderer: 0.100
[1587235633.258][SEVERE]: Timed out receiving message from renderer: 0.100
[1587235633.372][SEVERE]: Timed out receiving message from renderer: 0.100
[1587235633.523][SEVERE]: Timed out receiving message from renderer: 0.100
[1587235633.630][SEVERE]: Timed out receiving message from renderer: 0.100
[1587235633.777][SEVERE]: Timed out receiving message from renderer: 0.100
[1587235633.937][SEVERE]: Timed out receiving message from renderer: 0.100
[1587235634.071][SEVERE]: Timed out receiving message from renderer: 0.100
[1587235634.252][SEVERE]: Timed out receiving message from renderer: 0.100
[1587235634.398][SEVERE]: Timed out receiving message from renderer: 0.100
[1587235634.503][SEVERE]: Timed out receiving message from renderer: 0.100
[1587235634.656][SEVERE]: Timed out receiving message from renderer: 0.100
[1587235634.765][SEVERE]: Timed out receiving message from renderer: 0.100
[1587235634.950][SEVERE]: Timed out receiving message from renderer: 0.100
[1587235635.068][SEVERE]: Timed out receiving message from renderer: 0.100
[1587235635.186][SEVERE]: Timed out receiving message from renderer: 0.100
[1587235635.368][SEVERE]: Timed out receiving message from renderer: 0.100
[1587235635.472][SEVERE]: Timed out receiving message from renderer: 0.100
[1587235635.579][SEVERE]: Timed out receiving message from renderer: 0.100
[1587235635.730][SEVERE]: Timed out receiving message from renderer: 0.100
[1587235635.898][SEVERE]: Timed out receiving message from renderer: 0.100
[1587235636.059][SEVERE]: Timed out receiving message from renderer: 0.100
[1587235636.207][SEVERE]: Timed out receiving message from renderer: 0.100
[1587235636.382][SEVERE]: Timed out receiving message from renderer: 0.100
[1587235636.565][SEVERE]: Timed out receiving message from renderer: 0.100
[1587235636.738][SEVERE]: Timed out receiving message from renderer: 0.100
[1587235636.933][SEVERE]: Timed out receiving message from renderer: 0.100
[1587235637.069][SEVERE]: Timed out receiving message from renderer: 0.100
[1587235637.312][SEVERE]: Timed out receiving message from renderer: 0.100
[1587235637.417][SEVERE]: Timed out receiving message from renderer: 0.100
[1587235637.524][SEVERE]: Timed out receiving message from renderer: 0.100
[1587235637.648][SEVERE]: Timed out receiving message from renderer: 0.100
[1587235637.952][SEVERE]: Timed out receiving message from renderer: 0.100
[1587235638.663][SEVERE]: Timed out receiving message from renderer: 0.100
[1587235638.801][SEVERE]: Timed out receiving message from renderer: 0.100
[1587235638.928][SEVERE]: Timed out receiving message from renderer: 0.100
[1587235639.030][SEVERE]: Timed out receiving message from renderer: 0.100
[1587235639.173][SEVERE]: Timed out receiving message from renderer: 0.100
[1587235639.285][SEVERE]: Timed out receiving message from renderer: 0.100
[1587235639.408][SEVERE]: Timed out receiving message from renderer: 0.100
[1587235639.560][SEVERE]: Timed out receiving message from renderer: 0.100
[1587235639.664][SEVERE]: Timed out receiving message from renderer: 0.100
[1587235639.790][SEVERE]: Timed out receiving message from renderer: 0.100
[1587235639.907][SEVERE]: Timed out receiving message from renderer: 0.100
[1587235640.019][SEVERE]: Timed out receiving message from renderer: 0.100
[1587235640.208][SEVERE]: Timed out receiving message from renderer: 0.100
[1587235640.358][SEVERE]: Timed out receiving message from renderer: 0.100
[1587235640.480][SEVERE]: Timed out receiving message from renderer: 0.100
[1587235640.638][SEVERE]: Timed out receiving message from renderer: 0.100
[1587235640.765][SEVERE]: Timed out receiving message from renderer: 0.100
[1587235640.904][SEVERE]: Timed out receiving message from renderer: 0.100
[1587235641.099][SEVERE]: Timed out receiving message from renderer: 0.100
[1587235641.236][SEVERE]: Timed out receiving message from renderer: 0.100
[1587235641.432][SEVERE]: Timed out receiving message from renderer: 0.100
[1587235641.544][SEVERE]: Timed out receiving message from renderer: 0.100
[1587235641.669][SEVERE]: Timed out receiving message from renderer: 0.100
[1587235641.853][SEVERE]: Timed out receiving message from renderer: 0.100
[1587235641.996][SEVERE]: Timed out receiving message from renderer: 0.100
[1587235642.100][SEVERE]: Timed out receiving message from renderer: 0.100
[1587235642.244][SEVERE]: Timed out receiving message from renderer: 0.100
[1587235642.406][SEVERE]: Timed out receiving message from renderer: 0.100
[1587235642.533][SEVERE]: Timed out receiving message from renderer: 0.100
[1587235642.681][SEVERE]: Timed out receiving message from renderer: 0.100
[1587235642.834][SEVERE]: Timed out receiving message from renderer: 0.100
[1587235642.990][SEVERE]: Timed out receiving message from renderer: 0.100
[1587235643.129][SEVERE]: Timed out receiving message from renderer: 0.100
[1587235643.233][SEVERE]: Timed out receiving message from renderer: 0.100
[1587235643.340][SEVERE]: Timed out receiving message from renderer: 0.100
[1587235643.446][SEVERE]: Timed out receiving message from renderer: 0.100
[1587235643.548][SEVERE]: Timed out receiving message from renderer: 0.100
[1587235643.660][SEVERE]: Timed out receiving message from renderer: 0.100
[1587235643.778][SEVERE]: Timed out receiving message from renderer: 0.100
[1587235643.885][SEVERE]: Timed out receiving message from renderer: 0.100
[1587235644.052][SEVERE]: Timed out receiving message from renderer: 0.100
[1587235644.257][SEVERE]: Timed out receiving message from renderer: 0.100
[1587235644.425][SEVERE]: Timed out receiving message from renderer: 0.100
[1587235644.554][SEVERE]: Timed out receiving message from renderer: 0.100
[1587235644.706][SEVERE]: Timed out receiving message from renderer: 0.100
[1587235644.849][SEVERE]: Timed out receiving message from renderer: 0.100
[1587235644.993][SEVERE]: Timed out receiving message from renderer: 0.100
[1587235645.127][SEVERE]: Timed out receiving message from renderer: 0.100
[1587235645.288][SEVERE]: Timed out receiving message from renderer: 0.100
[1587235645.421][SEVERE]: Timed out receiving message from renderer: 0.100
[1587235645.580][SEVERE]: Timed out receiving message from renderer: 0.100
[1587235645.701][SEVERE]: Timed out receiving message from renderer: 0.100
[1587235645.839][SEVERE]: Timed out receiving message from renderer: 0.100
[1587235645.999][SEVERE]: Timed out receiving message from renderer: 0.100
[1587235646.146][SEVERE]: Timed out receiving message from renderer: 0.100
[1587235646.273][SEVERE]: Timed out receiving message from renderer: 0.100
[1587235646.433][SEVERE]: Timed out receiving message from renderer: 0.100
[1587235646.538][SEVERE]: Timed out receiving message from renderer: 0.100
[1587235646.688][SEVERE]: Timed out receiving message from renderer: 0.100
[1587235646.807][SEVERE]: Timed out receiving message from renderer: 0.100
[1587235647.024][SEVERE]: Timed out receiving message from renderer: 0.100
[1587235647.166][SEVERE]: Timed out receiving message from renderer: 0.100
[1587235647.269][SEVERE]: Timed out receiving message from renderer: 0.100
[1587235647.435][SEVERE]: Timed out receiving message from renderer: 0.100
[1587235647.572][SEVERE]: Timed out receiving message from renderer: 0.100
[1587235647.725][SEVERE]: Timed out receiving message from renderer: 0.100
[1587235647.840][SEVERE]: Timed out receiving message from renderer: 0.100
[1587235647.946][SEVERE]: Timed out receiving message from renderer: 0.100
[1587235648.052][SEVERE]: Timed out receiving message from renderer: 0.100
[1587235648.198][SEVERE]: Timed out receiving message from renderer: 0.100
[1587235648.329][SEVERE]: Timed out receiving message from renderer: 0.100
[1587235648.440][SEVERE]: Timed out receiving message from renderer: 0.100
[1587235648.560][SEVERE]: Timed out receiving message from renderer: 0.100
[1587235648.715][SEVERE]: Timed out receiving message from renderer: 0.100
[1587235648.852][SEVERE]: Timed out receiving message from renderer: 0.100
[1587235648.998][SEVERE]: Timed out receiving message from renderer: 0.100
[1587235649.145][SEVERE]: Timed out receiving message from renderer: 0.100
[1587235649.261][SEVERE]: Timed out receiving message from renderer: 0.100
[1587235649.403][SEVERE]: Timed out receiving message from renderer: 0.100
[1587235649.510][SEVERE]: Timed out receiving message from renderer: 0.100
[1587235649.669][SEVERE]: Timed out receiving message from renderer: 0.100
[1587235649.834][SEVERE]: Timed out receiving message from renderer: 0.100
[1587235649.955][SEVERE]: Timed out receiving message from renderer: 0.100
[1587235650.140][SEVERE]: Timed out receiving message from renderer: 0.100
]]></system-err>
  </testcase>
  <testcase name="feature" classname="runnerTest.runnerTest" time="113.437"/>
</testsuite>